INTELFPGAOCLSDKROOT is set to /opt/altera/aocl-pro-rte/aclrte-linux64. Using that.

aoc was not found, but aocl was found. Assuming only RTE is installed.

AOCL_BOARD_PACKAGE_ROOT is set to /opt/intel/openvino/bitstreams/a10_vision_design_sg2_bitstreams/BSP/a10_1150_sg2. Using that.
Adding /opt/altera/aocl-pro-rte/aclrte-linux64/bin to PATH
Adding /opt/altera/aocl-pro-rte/aclrte-linux64/linux64/lib to LD_LIBRARY_PATH
Adding /opt/altera/aocl-pro-rte/aclrte-linux64/host/linux64/lib to LD_LIBRARY_PATH
Adding /opt/intel/openvino/bitstreams/a10_vision_design_sg2_bitstreams/BSP/a10_1150_sg2/linux64/lib to LD_LIBRARY_PATH
[setupvars.sh] OpenVINO environment initialized
aocl program: Running program from /opt/intel/openvino/bitstreams/a10_vision_design_sg2_bitstreams/BSP/a10_1150_sg2/linux64/libexec
Failed to open file: /opt/intel/openvino/bitstreams/a10_vision_design_sg1_bitstreams/2019R4_PL1_FP16_MobileNet_Clamp.aocx
Error: Failed to find aocx
aocl program: Program failed.
Total People in frame = 8
Number of people in queue = {1: 2, 2: 0}
Total People in frame = 8
Number of people in queue = {1: 2, 2: 0}
Total People in frame = 6
Number of people in queue = {1: 2, 2: 0}
Total People in frame = 7
Number of people in queue = {1: 2, 2: 0}
Total People in frame = 7
Number of people in queue = {1: 2, 2: 0}
Total People in frame = 7
Number of people in queue = {1: 2, 2: 0}
Total People in frame = 7
Number of people in queue = {1: 2, 2: 0}
Total People in frame = 7
Number of people in queue = {1: 2, 2: 0}
Total People in frame = 8
Number of people in queue = {1: 2, 2: 1}
Total People in frame = 8
Number of people in queue = {1: 2, 2: 1}
Total People in frame = 8
Number of people in queue = {1: 2, 2: 1}
Total People in frame = 8
Number of people in queue = {1: 2, 2: 1}
Total People in frame = 8
Number of people in queue = {1: 2, 2: 1}
Total People in frame = 8
Number of people in queue = {1: 2, 2: 1}
Total People in frame = 8
Number of people in queue = {1: 2, 2: 1}
Total People in frame = 8
Number of people in queue = {1: 2, 2: 1}
Total People in frame = 8
Number of people in queue = {1: 2, 2: 1}
Total People in frame = 8
Number of people in queue = {1: 2, 2: 1}
Total People in frame = 8
Number of people in queue = {1: 2, 2: 1}
Total People in frame = 8
Number of people in queue = {1: 2, 2: 1}
Total People in frame = 7
Number of people in queue = {1: 2, 2: 0}
Total People in frame = 8
Number of people in queue = {1: 2, 2: 0}
Total People in frame = 6
Number of people in queue = {1: 2, 2: 0}
Total People in frame = 7
Number of people in queue = {1: 2, 2: 0}
Total People in frame = 8
Number of people in queue = {1: 2, 2: 0}
Total People in frame = 7
Number of people in queue = {1: 3, 2: 0}
Total People in frame = 7
Number of people in queue = {1: 3, 2: 0}
Total People in frame = 7
Number of people in queue = {1: 2, 2: 0}
Total People in frame = 7
Number of people in queue = {1: 2, 2: 0}
Total People in frame = 7
Number of people in queue = {1: 2, 2: 0}
Total People in frame = 7
Number of people in queue = {1: 2, 2: 0}
Total People in frame = 7
Number of people in queue = {1: 2, 2: 0}
Total People in frame = 7
Number of people in queue = {1: 2, 2: 0}
Total People in frame = 8
Number of people in queue = {1: 2, 2: 1}
Total People in frame = 8
Number of people in queue = {1: 2, 2: 1}
Total People in frame = 7
Number of people in queue = {1: 2, 2: 0}
Total People in frame = 8
Number of people in queue = {1: 2, 2: 1}
Total People in frame = 8
Number of people in queue = {1: 2, 2: 1}
Total People in frame = 7
Number of people in queue = {1: 2, 2: 0}
Total People in frame = 7
Number of people in queue = {1: 2, 2: 0}
Total People in frame = 7
Number of people in queue = {1: 2, 2: 0}
Total People in frame = 7
Number of people in queue = {1: 2, 2: 0}
Total People in frame = 7
Number of people in queue = {1: 2, 2: 0}
Total People in frame = 8
Number of people in queue = {1: 3, 2: 0}
Total People in frame = 8
Number of people in queue = {1: 3, 2: 0}
Total People in frame = 7
Number of people in queue = {1: 3, 2: 0}
Total People in frame = 6
Number of people in queue = {1: 2, 2: 0}
Total People in frame = 7
Number of people in queue = {1: 2, 2: 0}
Total People in frame = 7
Number of people in queue = {1: 2, 2: 0}
Total People in frame = 7
Number of people in queue = {1: 2, 2: 0}
Total People in frame = 7
Number of people in queue = {1: 2, 2: 0}
Total People in frame = 7
Number of people in queue = {1: 2, 2: 0}
Total People in frame = 8
Number of people in queue = {1: 3, 2: 0}
Total People in frame = 7
Number of people in queue = {1: 2, 2: 0}
Total People in frame = 7
Number of people in queue = {1: 2, 2: 0}
Total People in frame = 7
Number of people in queue = {1: 2, 2: 0}
Total People in frame = 7
Number of people in queue = {1: 2, 2: 0}
Total People in frame = 7
Number of people in queue = {1: 2, 2: 0}
Total People in frame = 7
Number of people in queue = {1: 3, 2: 0}
Total People in frame = 8
Number of people in queue = {1: 3, 2: 0}
Total People in frame = 7
Number of people in queue = {1: 2, 2: 0}
Total People in frame = 7
Number of people in queue = {1: 2, 2: 0}
Total People in frame = 7
Number of people in queue = {1: 2, 2: 0}
Total People in frame = 7
Number of people in queue = {1: 2, 2: 0}
Total People in frame = 6
Number of people in queue = {1: 2, 2: 0}
Total People in frame = 6
Number of people in queue = {1: 2, 2: 0}
Total People in frame = 6
Number of people in queue = {1: 2, 2: 0}
Total People in frame = 6
Number of people in queue = {1: 2, 2: 0}
Total People in frame = 6
Number of people in queue = {1: 2, 2: 0}
Total People in frame = 6
Number of people in queue = {1: 2, 2: 0}
Total People in frame = 7
Number of people in queue = {1: 2, 2: 0}
Total People in frame = 8
Number of people in queue = {1: 2, 2: 0}
Total People in frame = 7
Number of people in queue = {1: 2, 2: 0}
Total People in frame = 8
Number of people in queue = {1: 2, 2: 0}
Total People in frame = 8
Number of people in queue = {1: 2, 2: 0}
Total People in frame = 8
Number of people in queue = {1: 2, 2: 0}
Total People in frame = 8
Number of people in queue = {1: 2, 2: 0}
Total People in frame = 8
Number of people in queue = {1: 2, 2: 0}
Total People in frame = 8
Number of people in queue = {1: 2, 2: 0}
Total People in frame = 9
Number of people in queue = {1: 3, 2: 0}
Total People in frame = 9
Number of people in queue = {1: 3, 2: 0}
Total People in frame = 9
Number of people in queue = {1: 3, 2: 0}
Total People in frame = 9
Number of people in queue = {1: 3, 2: 0}
Total People in frame = 9
Number of people in queue = {1: 3, 2: 0}
Total People in frame = 7
Number of people in queue = {1: 2, 2: 0}
Total People in frame = 8
Number of people in queue = {1: 3, 2: 0}
Total People in frame = 8
Number of people in queue = {1: 3, 2: 0}
Total People in frame = 7
Number of people in queue = {1: 2, 2: 0}
Total People in frame = 7
Number of people in queue = {1: 2, 2: 0}
Total People in frame = 7
Number of people in queue = {1: 2, 2: 0}
Total People in frame = 7
Number of people in queue = {1: 2, 2: 0}
Total People in frame = 7
Number of people in queue = {1: 2, 2: 0}
Total People in frame = 7
Number of people in queue = {1: 2, 2: 0}
Total People in frame = 7
Number of people in queue = {1: 2, 2: 0}
Total People in frame = 7
Number of people in queue = {1: 2, 2: 0}
Total People in frame = 7
Number of people in queue = {1: 2, 2: 0}
Total People in frame = 9
Number of people in queue = {1: 3, 2: 0}
Total People in frame = 9
Number of people in queue = {1: 3, 2: 0}
Total People in frame = 9
Number of people in queue = {1: 3, 2: 0}
Total People in frame = 8
Number of people in queue = {1: 4, 2: 0}
Total People in frame = 8
Number of people in queue = {1: 3, 2: 0}
Total People in frame = 8
Number of people in queue = {1: 3, 2: 0}
Total People in frame = 9
Number of people in queue = {1: 4, 2: 0}
Total People in frame = 8
Number of people in queue = {1: 4, 2: 0}
Total People in frame = 8
Number of people in queue = {1: 4, 2: 0}
Total People in frame = 8
Number of people in queue = {1: 4, 2: 0}
Total People in frame = 8
Number of people in queue = {1: 4, 2: 0}
Total People in frame = 8
Number of people in queue = {1: 3, 2: 0}
Total People in frame = 8
Number of people in queue = {1: 3, 2: 0}
Total People in frame = 8
Number of people in queue = {1: 3, 2: 0}
Total People in frame = 8
Number of people in queue = {1: 3, 2: 0}
Total People in frame = 8
Number of people in queue = {1: 3, 2: 0}
Total People in frame = 8
Number of people in queue = {1: 3, 2: 0}
Total People in frame = 8
Number of people in queue = {1: 3, 2: 0}
Total People in frame = 8
Number of people in queue = {1: 3, 2: 0}
Total People in frame = 8
Number of people in queue = {1: 3, 2: 0}
Total People in frame = 8
Number of people in queue = {1: 3, 2: 0}
Total People in frame = 8
Number of people in queue = {1: 3, 2: 0}
Total People in frame = 8
Number of people in queue = {1: 3, 2: 0}
Total People in frame = 8
Number of people in queue = {1: 3, 2: 0}
Total People in frame = 8
Number of people in queue = {1: 3, 2: 0}
Total People in frame = 9
Number of people in queue = {1: 4, 2: 0}
Total People in frame = 9
Number of people in queue = {1: 3, 2: 0}
Total People in frame = 9
Number of people in queue = {1: 3, 2: 0}
Total People in frame = 9
Number of people in queue = {1: 4, 2: 0}
Total People in frame = 9
Number of people in queue = {1: 3, 2: 0}
Total People in frame = 9
Number of people in queue = {1: 3, 2: 0}
Total People in frame = 9
Number of people in queue = {1: 3, 2: 0}
Total People in frame = 9
Number of people in queue = {1: 3, 2: 0}
Total People in frame = 8
Number of people in queue = {1: 2, 2: 0}
Total People in frame = 8
Number of people in queue = {1: 2, 2: 0}
Total People in frame = 9
Number of people in queue = {1: 3, 2: 0}
Total People in frame = 9
Number of people in queue = {1: 3, 2: 0}
Total People in frame = 8
Number of people in queue = {1: 3, 2: 0}
Total People in frame = 8
Number of people in queue = {1: 3, 2: 0}
Total People in frame = 10
Number of people in queue = {1: 3, 2: 1}
Total People in frame = 8
Number of people in queue = {1: 3, 2: 0}
Total People in frame = 7
Number of people in queue = {1: 2, 2: 0}
Total People in frame = 7
Number of people in queue = {1: 2, 2: 0}
Total People in frame = 7
Number of people in queue = {1: 2, 2: 0}
Total People in frame = 7
Number of people in queue = {1: 2, 2: 0}
Total People in frame = 7
Number of people in queue = {1: 2, 2: 0}
Total People in frame = 7
Number of people in queue = {1: 2, 2: 0}
Total People in frame = 7
Number of people in queue = {1: 2, 2: 0}
Total People in frame = 7
Number of people in queue = {1: 2, 2: 0}
Total People in frame = 7
Number of people in queue = {1: 3, 2: 0}
Total People in frame = 7
Number of people in queue = {1: 3, 2: 0}
Total People in frame = 8
Number of people in queue = {1: 4, 2: 0}
Total People in frame = 8
Number of people in queue = {1: 4, 2: 0}
Total People in frame = 7
Number of people in queue = {1: 3, 2: 0}
Total People in frame = 7
Number of people in queue = {1: 3, 2: 0}
Total People in frame = 8
Number of people in queue = {1: 4, 2: 0}
Total People in frame = 9
Number of people in queue = {1: 5, 2: 0}
Total People in frame = 9
Number of people in queue = {1: 5, 2: 0}
Total People in frame = 9
Number of people in queue = {1: 5, 2: 0}
Total People in frame = 9
Number of people in queue = {1: 4, 2: 0}
Total People in frame = 8
Number of people in queue = {1: 4, 2: 0}
Total People in frame = 8
Number of people in queue = {1: 5, 2: 0}
Total People in frame = 10
Number of people in queue = {1: 6, 2: 0}
Total People in frame = 9
Number of people in queue = {1: 5, 2: 0}
Total People in frame = 8
Number of people in queue = {1: 5, 2: 0}
Total People in frame = 8
Number of people in queue = {1: 5, 2: 0}
Total People in frame = 7
Number of people in queue = {1: 4, 2: 0}
Total People in frame = 8
Number of people in queue = {1: 4, 2: 1}
Total People in frame = 9
Number of people in queue = {1: 4, 2: 1}
Total People in frame = 7
Number of people in queue = {1: 3, 2: 1}
Total People in frame = 7
Number of people in queue = {1: 3, 2: 1}
Total People in frame = 8
Number of people in queue = {1: 3, 2: 1}
Total People in frame = 9
Number of people in queue = {1: 4, 2: 1}
Total People in frame = 8
Number of people in queue = {1: 4, 2: 1}
Total People in frame = 9
Number of people in queue = {1: 4, 2: 1}
Total People in frame = 8
Number of people in queue = {1: 4, 2: 1}
Total People in frame = 8
Number of people in queue = {1: 4, 2: 1}
Total People in frame = 8
Number of people in queue = {1: 4, 2: 1}
Total People in frame = 8
Number of people in queue = {1: 4, 2: 0}
Total People in frame = 10
Number of people in queue = {1: 5, 2: 1}
Total People in frame = 10
Number of people in queue = {1: 5, 2: 1}
Total People in frame = 9
Number of people in queue = {1: 4, 2: 1}
Total People in frame = 9
Number of people in queue = {1: 4, 2: 1}
Total People in frame = 9
Number of people in queue = {1: 4, 2: 1}
Total People in frame = 8
Number of people in queue = {1: 4, 2: 2}
Total People in frame = 8
Number of people in queue = {1: 4, 2: 2}
Total People in frame = 8
Number of people in queue = {1: 4, 2: 2}
Total People in frame = 7
Number of people in queue = {1: 4, 2: 1}
Total People in frame = 9
Number of people in queue = {1: 3, 2: 2}
Total People in frame = 10
Number of people in queue = {1: 4, 2: 2}
Total People in frame = 10
Number of people in queue = {1: 4, 2: 2}
Total People in frame = 11
Number of people in queue = {1: 4, 2: 2}
Total People in frame = 10
Number of people in queue = {1: 4, 2: 2}
Total People in frame = 10
Number of people in queue = {1: 4, 2: 2}
Total People in frame = 10
Number of people in queue = {1: 4, 2: 2}
Total People in frame = 10
Number of people in queue = {1: 4, 2: 2}
Total People in frame = 9
Number of people in queue = {1: 3, 2: 2}
Total People in frame = 9
Number of people in queue = {1: 3, 2: 2}
Total People in frame = 8
Number of people in queue = {1: 2, 2: 2}
Total People in frame = 8
Number of people in queue = {1: 2, 2: 2}
Total People in frame = 8
Number of people in queue = {1: 2, 2: 2}
Total People in frame = 8
Number of people in queue = {1: 2, 2: 2}
Total People in frame = 9
Number of people in queue = {1: 2, 2: 3}
Total People in frame = 8
Number of people in queue = {1: 2, 2: 2}
Total People in frame = 9
Number of people in queue = {1: 3, 2: 2}
Total People in frame = 8
Number of people in queue = {1: 3, 2: 2}
Total People in frame = 8
Number of people in queue = {1: 2, 2: 1}
Total People in frame = 8
Number of people in queue = {1: 2, 2: 1}
Total People in frame = 8
Number of people in queue = {1: 2, 2: 2}
Total People in frame = 9
Number of people in queue = {1: 2, 2: 2}
Total People in frame = 9
Number of people in queue = {1: 4, 2: 1}
Total People in frame = 9
Number of people in queue = {1: 4, 2: 1}
Total People in frame = 9
Number of people in queue = {1: 4, 2: 1}
Total People in frame = 9
Number of people in queue = {1: 4, 2: 2}
Total People in frame = 9
Number of people in queue = {1: 4, 2: 2}
Total People in frame = 9
Number of people in queue = {1: 4, 2: 2}
Total People in frame = 9
Number of people in queue = {1: 4, 2: 2}
Total People in frame = 8
Number of people in queue = {1: 3, 2: 2}
Total People in frame = 8
Number of people in queue = {1: 3, 2: 2}
Total People in frame = 8
Number of people in queue = {1: 3, 2: 1}
Total People in frame = 8
Number of people in queue = {1: 3, 2: 2}
Total People in frame = 8
Number of people in queue = {1: 3, 2: 2}
Total People in frame = 8
Number of people in queue = {1: 3, 2: 2}
Total People in frame = 8
Number of people in queue = {1: 3, 2: 2}
Total People in frame = 8
Number of people in queue = {1: 3, 2: 2}
Total People in frame = 8
Number of people in queue = {1: 3, 2: 2}
Total People in frame = 8
Number of people in queue = {1: 3, 2: 2}
Total People in frame = 8
Number of people in queue = {1: 3, 2: 2}
Total People in frame = 9
Number of people in queue = {1: 3, 2: 3}
Total People in frame = 9
Number of people in queue = {1: 3, 2: 2}
Total People in frame = 9
Number of people in queue = {1: 3, 2: 2}
Total People in frame = 11
Number of people in queue = {1: 4, 2: 3}
Total People in frame = 11
Number of people in queue = {1: 4, 2: 3}
Total People in frame = 11
Number of people in queue = {1: 4, 2: 2}
Total People in frame = 11
Number of people in queue = {1: 4, 2: 2}
Total People in frame = 10
Number of people in queue = {1: 4, 2: 2}
Total People in frame = 10
Number of people in queue = {1: 4, 2: 2}
Total People in frame = 10
Number of people in queue = {1: 4, 2: 2}
Total People in frame = 9
Number of people in queue = {1: 3, 2: 2}
Total People in frame = 10
Number of people in queue = {1: 3, 2: 2}
Total People in frame = 10
Number of people in queue = {1: 3, 2: 2}
Total People in frame = 10
Number of people in queue = {1: 3, 2: 2}
Total People in frame = 10
Number of people in queue = {1: 3, 2: 2}
Total People in frame = 10
Number of people in queue = {1: 3, 2: 2}
Total People in frame = 10
Number of people in queue = {1: 3, 2: 2}
Total People in frame = 10
Number of people in queue = {1: 3, 2: 3}
Total People in frame = 10
Number of people in queue = {1: 3, 2: 3}
Total People in frame = 9
Number of people in queue = {1: 3, 2: 2}
Total People in frame = 9
Number of people in queue = {1: 3, 2: 2}
Total People in frame = 9
Number of people in queue = {1: 3, 2: 2}
Total People in frame = 10
Number of people in queue = {1: 3, 2: 2}
Total People in frame = 10
Number of people in queue = {1: 4, 2: 2}
Total People in frame = 9
Number of people in queue = {1: 3, 2: 2}
Total People in frame = 10
Number of people in queue = {1: 3, 2: 2}
Total People in frame = 11
Number of people in queue = {1: 4, 2: 2}
Total People in frame = 10
Number of people in queue = {1: 3, 2: 2}
Total People in frame = 10
Number of people in queue = {1: 4, 2: 2}
Total People in frame = 10
Number of people in queue = {1: 3, 2: 2}
Total People in frame = 10
Number of people in queue = {1: 3, 2: 2}
Total People in frame = 8
Number of people in queue = {1: 2, 2: 2}
Total People in frame = 10
Number of people in queue = {1: 4, 2: 2}
Total People in frame = 9
Number of people in queue = {1: 3, 2: 3}
Total People in frame = 9
Number of people in queue = {1: 3, 2: 2}
Total People in frame = 9
Number of people in queue = {1: 3, 2: 2}
Total People in frame = 9
Number of people in queue = {1: 3, 2: 2}
Total People in frame = 10
Number of people in queue = {1: 3, 2: 2}
Total People in frame = 9
Number of people in queue = {1: 3, 2: 2}
Total People in frame = 9
Number of people in queue = {1: 3, 2: 2}
Total People in frame = 8
Number of people in queue = {1: 3, 2: 1}
Total People in frame = 8
Number of people in queue = {1: 3, 2: 1}
Total People in frame = 8
Number of people in queue = {1: 3, 2: 1}
Total People in frame = 8
Number of people in queue = {1: 3, 2: 1}
Total People in frame = 8
Number of people in queue = {1: 3, 2: 1}
Total People in frame = 8
Number of people in queue = {1: 3, 2: 1}
Total People in frame = 8
Number of people in queue = {1: 2, 2: 1}
Total People in frame = 8
Number of people in queue = {1: 2, 2: 1}
Total People in frame = 8
Number of people in queue = {1: 2, 2: 1}
Total People in frame = 8
Number of people in queue = {1: 2, 2: 1}
Total People in frame = 8
Number of people in queue = {1: 2, 2: 1}
Total People in frame = 8
Number of people in queue = {1: 2, 2: 1}
Total People in frame = 8
Number of people in queue = {1: 2, 2: 1}
Total People in frame = 9
Number of people in queue = {1: 2, 2: 2}
Total People in frame = 9
Number of people in queue = {1: 2, 2: 2}
Total People in frame = 10
Number of people in queue = {1: 3, 2: 2}
Total People in frame = 8
Number of people in queue = {1: 2, 2: 1}
Total People in frame = 8
Number of people in queue = {1: 2, 2: 1}
Total People in frame = 8
Number of people in queue = {1: 2, 2: 1}
Total People in frame = 8
Number of people in queue = {1: 2, 2: 1}
Total People in frame = 8
Number of people in queue = {1: 2, 2: 1}
Total People in frame = 7
Number of people in queue = {1: 1, 2: 1}
Total People in frame = 7
Number of people in queue = {1: 1, 2: 1}
Total People in frame = 7
Number of people in queue = {1: 1, 2: 1}
Total People in frame = 6
Number of people in queue = {1: 1, 2: 0}
Total People in frame = 6
Number of people in queue = {1: 1, 2: 0}
Total People in frame = 6
Number of people in queue = {1: 1, 2: 0}
Total People in frame = 6
Number of people in queue = {1: 1, 2: 0}
Total People in frame = 7
Number of people in queue = {1: 1, 2: 1}
Total People in frame = 7
Number of people in queue = {1: 1, 2: 1}
Total People in frame = 7
Number of people in queue = {1: 1, 2: 1}
Total People in frame = 7
Number of people in queue = {1: 1, 2: 1}
Total People in frame = 7
Number of people in queue = {1: 1, 2: 1}
Total People in frame = 7
Number of people in queue = {1: 2, 2: 0}
Total People in frame = 7
Number of people in queue = {1: 2, 2: 0}
Total People in frame = 8
Number of people in queue = {1: 2, 2: 0}
Total People in frame = 8
Number of people in queue = {1: 2, 2: 0}
Total People in frame = 8
Number of people in queue = {1: 2, 2: 0}
Total People in frame = 8
Number of people in queue = {1: 2, 2: 0}
Total People in frame = 8
Number of people in queue = {1: 2, 2: 0}
Total People in frame = 8
Number of people in queue = {1: 2, 2: 1}
Total People in frame = 8
Number of people in queue = {1: 2, 2: 0}
Total People in frame = 8
Number of people in queue = {1: 2, 2: 1}
Total People in frame = 8
Number of people in queue = {1: 2, 2: 2}
Total People in frame = 7
Number of people in queue = {1: 2, 2: 2}
Total People in frame = 7
Number of people in queue = {1: 2, 2: 2}
Total People in frame = 7
Number of people in queue = {1: 2, 2: 2}
Total People in frame = 7
Number of people in queue = {1: 2, 2: 2}
Total People in frame = 7
Number of people in queue = {1: 2, 2: 2}
Total People in frame = 7
Number of people in queue = {1: 2, 2: 2}
Total People in frame = 7
Number of people in queue = {1: 2, 2: 2}
Total People in frame = 7
Number of people in queue = {1: 2, 2: 2}
Total People in frame = 7
Number of people in queue = {1: 2, 2: 2}
Total People in frame = 7
Number of people in queue = {1: 2, 2: 2}
Total People in frame = 7
Number of people in queue = {1: 2, 2: 2}
Total People in frame = 6
Number of people in queue = {1: 1, 2: 2}
Total People in frame = 7
Number of people in queue = {1: 2, 2: 2}
Total People in frame = 8
Number of people in queue = {1: 3, 2: 2}
Total People in frame = 7
Number of people in queue = {1: 2, 2: 1}
Total People in frame = 8
Number of people in queue = {1: 2, 2: 1}
Total People in frame = 8
Number of people in queue = {1: 2, 2: 1}
Total People in frame = 8
Number of people in queue = {1: 2, 2: 1}
Total People in frame = 8
Number of people in queue = {1: 2, 2: 1}
Total People in frame = 7
Number of people in queue = {1: 1, 2: 1}
Total People in frame = 7
Number of people in queue = {1: 1, 2: 1}
Total People in frame = 8
Number of people in queue = {1: 2, 2: 1}
results/
results/transportation/
results/transportation/fpga/
results/transportation/fpga/stats.txt
results/transportation/fpga/output_video.mp4
stderr.log
